<?xml version="1.0" encoding="UTF-8"?>
<testng-results skipped="0" failed="1" ignored="0" total="3" passed="2">
  <reporter-output>
    <line>
      <![CDATA[The chrome browser is open now]]>
    </line>
    <line>
      <![CDATA[The browser is maximize]]>
    </line>
    <line>
      <![CDATA[Loginpage Enter the Email-- vishnupriya@acsicorp.com]]>
    </line>
    <line>
      <![CDATA[Loginpage Enter the Password --Welcome@12]]>
    </line>
    <line>
      <![CDATA[Loginpage click the loginbutton navigate to the dashboradpage]]>
    </line>
  </reporter-output>
  <suite name="Default suite" duration-ms="154526" started-at="2022-10-20T07:08:42Z" finished-at="2022-10-20T07:11:17Z">
    <groups>
    </groups>
    <test name="Default test" duration-ms="154526" started-at="2022-10-20T07:08:42Z" finished-at="2022-10-20T07:11:17Z">
      <class name="com.TrueTech.Screenit.ACSFlow.testCases.RegressionForACSSelectedFlow">
        <test-method status="PASS" signature="setUp()[pri:0, instance:com.TrueTech.Screenit.ACSFlow.testCases.RegressionForACSSelectedFlow@754ba872]" name="setUp" is-config="true" duration-ms="3020" started-at="2022-10-20T12:38:39Z" finished-at="2022-10-20T12:38:42Z">
          <reporter-output>
            <line>
              <![CDATA[The chrome browser is open now]]>
            </line>
            <line>
              <![CDATA[The browser is maximize]]>
            </line>
          </reporter-output>
        </test-method> <!-- setUp -->
        <test-method status="PASS" signature="loginPage()[pri:1, instance:com.TrueTech.Screenit.ACSFlow.testCases.RegressionForACSSelectedFlow@754ba872]" name="loginPage" duration-ms="76202" started-at="2022-10-20T12:38:42Z" description="Valid login Creditals" finished-at="2022-10-20T12:39:59Z">
          <reporter-output>
            <line>
              <![CDATA[Loginpage Enter the Email-- vishnupriya@acsicorp.com]]>
            </line>
            <line>
              <![CDATA[Loginpage Enter the Password --Welcome@12]]>
            </line>
            <line>
              <![CDATA[Loginpage click the loginbutton navigate to the dashboradpage]]>
            </line>
          </reporter-output>
        </test-method> <!-- loginPage -->
        <test-method status="PASS" signature="createpost()[pri:2, instance:com.TrueTech.Screenit.ACSFlow.testCases.RegressionForACSSelectedFlow@754ba872]" name="createpost" duration-ms="11670" started-at="2022-10-20T12:39:59Z" description="post details" finished-at="2022-10-20T12:40:10Z">
          <reporter-output>
          </reporter-output>
        </test-method> <!-- createpost -->
        <test-method status="FAIL" signature="postDetails()[pri:3, instance:com.TrueTech.Screenit.ACSFlow.testCases.RegressionForACSSelectedFlow@754ba872]" name="postDetails" duration-ms="66600" started-at="2022-10-20T12:40:10Z" finished-at="2022-10-20T12:41:17Z">
          <exception class="java.lang.NullPointerException">
            <full-stacktrace>
              <![CDATA[java.lang.NullPointerExceptionat com.TrueTech.ACSFlow.pages.ACSSchedulePage.getStatus(ACSSchedulePage.java:25)at com.TrueTech.Screenit.ACSFlow.testCases.RegressionForACSSelectedFlow.postDetails(RegressionForACSSelectedFlow.java:90)at sun.reflect.NativeMethodAccessorImpl.invoke0(Native Method)at sun.reflect.NativeMethodAccessorImpl.invoke(Unknown Source)at sun.reflect.DelegatingMethodAccessorImpl.invoke(Unknown Source)at java.lang.reflect.Method.invoke(Unknown Source)at org.testng.internal.MethodInvocationHelper.invokeMethod(MethodInvocationHelper.java:124)at org.testng.internal.Invoker.invokeMethod(Invoker.java:571)at org.testng.internal.Invoker.invokeTestMethod(Invoker.java:707)at org.testng.internal.Invoker.invokeTestMethods(Invoker.java:979)at org.testng.internal.TestMethodWorker.invokeTestMethods(TestMethodWorker.java:125)at org.testng.internal.TestMethodWorker.run(TestMethodWorker.java:109)at org.testng.TestRunner.privateRun(TestRunner.java:648)at org.testng.TestRunner.run(TestRunner.java:505)at org.testng.SuiteRunner.runTest(SuiteRunner.java:455)at org.testng.SuiteRunner.runSequentially(SuiteRunner.java:450)at org.testng.SuiteRunner.privateRun(SuiteRunner.java:415)at org.testng.SuiteRunner.run(SuiteRunner.java:364)at org.testng.SuiteRunnerWorker.runSuite(SuiteRunnerWorker.java:52)at org.testng.SuiteRunnerWorker.run(SuiteRunnerWorker.java:84)at org.testng.TestNG.runSuitesSequentially(TestNG.java:1187)at org.testng.TestNG.runSuitesLocally(TestNG.java:1116)at org.testng.TestNG.runSuites(TestNG.java:1028)at org.testng.TestNG.run(TestNG.java:996)at org.testng.remote.AbstractRemoteTestNG.run(AbstractRemoteTestNG.java:114)at org.testng.remote.RemoteTestNG.initAndRun(RemoteTestNG.java:251)at org.testng.remote.RemoteTestNG.main(RemoteTestNG.java:77)]]>
            </full-stacktrace>
          </exception> <!-- java.lang.NullPointerException -->
          <reporter-output>
          </reporter-output>
        </test-method> <!-- postDetails -->
      </class> <!-- com.TrueTech.Screenit.ACSFlow.testCases.RegressionForACSSelectedFlow -->
    </test> <!-- Default test -->
  </suite> <!-- Default suite -->
</testng-results>
